[Bootstrap]
SetupTitle=Install
SetupText=Copying Files, please stand by.
CabFile=BART_A1.CAB
Spawn=Setup1.exe
Uninstal=st6unst.exe
TmpDir=msftqws.pdw
Cabs=4

[Bootstrap Files]
File1=@VB6STKIT.DLL,$(WinSysPathSysFile),,,1/4/02 6:02:00 AM,102912,6.0.81.69
File2=@MSVCRT40.DLL,$(WinSysPathSysFile),,,5/31/98 12:00:00 AM,326656,4.21.0.0
File3=@COMCAT.DLL,$(WinSysPathSysFile),$(DLLSelfRegister),,5/31/98 12:00:00 AM,22288,4.71.1460.1
File4=@asycfilt.dll,$(WinSysPathSysFile),,,8/4/04 3:56:41 AM,65024,5.1.2600.2180
File5=@olepro32.dll,$(WinSysPathSysFile),$(DLLSelfRegister),,8/4/04 3:56:44 AM,83456,5.1.2600.2180
File6=@oleaut32.dll,$(WinSysPathSysFile),$(DLLSelfRegister),,8/4/04 3:56:44 AM,553472,5.1.2600.2180
File7=@stdole2.tlb,$(WinSysPathSysFile),$(TLBRegister),,8/23/01 8:00:00 AM,17920,3.50.5014.0
File8=@msvbvm60.dll,$(WinSysPathSysFile),$(DLLSelfRegister),,8/4/04 3:56:43 AM,1392671,6.0.96.90

[IconGroups]
Group0=BART_Adol
PrivateGroup0=True
Parent0=$(Programs)

[BART_Adol]
Icon1="BART_Adol.exe"
Title1=BART_Adol
StartIn1=$(AppPath)

[Setup]
Title=BART_Adol
DefaultDir=$(ProgramFiles)\Project1
AppExe=BART_Adol.exe
AppToUninstall=BART_Adol.exe

[Setup1 Files]
File1=@VB5DB.DLL,$(WinSysPath),,$(Shared),6/17/98 11:00:00 PM,89360,6.0.81.69
File2=@msrepl35.dll,$(WinSysPathSysFile),,,9/24/01 12:30:00 PM,415504,3.51.3007.1
File3=@MSRD2X35.DLL,$(WinSysPathSysFile),$(DLLSelfRegister),,4/23/98 11:00:00 PM,252176,3.51.623.0
File4=@expsrv.dll,$(WinSysPathSysFile),,,8/4/04 3:56:42 AM,380957,6.0.72.9589
File5=@vbajet32.dll,$(WinSysPathSysFile),,,8/4/04 3:56:46 AM,30749,6.0.1.9431
File6=@MSJINT35.DLL,$(WinSysPathSysFile),,,7/24/98 11:00:00 PM,123664,3.51.623.0
File7=@MSJTER35.DLL,$(WinSysPathSysFile),,,7/24/98 11:00:00 PM,24848,3.51.623.0
File8=@msjet35.dll,$(WinSysPathSysFile),$(DLLSelfRegister),,7/19/00 8:00:00 AM,1050384,3.51.3203.0
File9=@DAO350.DLL,$(MSDAOPath),$(DLLSelfRegister),$(Shared),4/26/98 11:00:00 PM,570128,3.51.1608.0
File10=@mscomct2.ocx,$(WinSysPath),$(DLLSelfRegister),$(Shared),6/25/98 11:00:00 PM,644400,6.0.81.77
File11=@MSSTDFMT.DLL,$(WinSysPath),$(DLLSelfRegister),$(Shared),5/23/00 9:45:58 PM,118784,6.0.84.50
File12=@MSHFLXGD.OCX,$(WinSysPath),$(DLLSelfRegister),$(Shared),6/23/98 11:00:00 PM,407104,6.0.30.5
File13=@msmask32.ocx,$(WinSysPath),$(DLLSelfRegister),$(Shared),5/22/00 3:58:12 PM,166600,6.0.84.18
File14=@COMCT332.OCX,$(WinSysPath),$(DLLSelfRegister),$(Shared),6/23/98 11:00:00 PM,369696,6.0.0.8169
File15=@MSFLXGRD.OCX,$(WinSysPath),$(DLLSelfRegister),$(Shared),6/23/98 11:00:00 PM,244024,6.0.81.69
File16=@MCI32.OCX,$(WinSysPath),$(DLLSelfRegister),$(Shared),6/23/98 11:00:00 PM,198456,6.0.81.69
File17=@COMDLG32.OCX,$(WinSysPath),$(DLLSelfRegister),$(Shared),6/23/98 11:00:00 PM,140096,6.0.81.69
File18=@mplay32.exe,$(WinSysPath),,$(Shared),8/4/04 3:56:52 AM,123392,5.1.2600.2180
File19=@sndrec32.exe,$(AppPath),,,8/4/04 3:56:56 AM,131584,5.1.2600.2180
File20=@MSCOMCTL.OCX,$(WinSysPath),$(DLLSelfRegister),$(Shared),6/6/02 1:12:59 PM,1077344,6.1.95.45
File21=@DLPORTIO.dll,$(WinSysPath),,$(Shared),1/4/02 6:02:00 AM,34816,1.0.0.1
File22=@BART_Adol.exe,$(AppPath),,,10/26/05 11:13:38 AM,184320,1.0.0.0

; The following lines may be deleted in order to obtain extra 
; space for customizing this file on a full installation diskette.
; 
; XXXXXXXXXXXXXXXXXXXXXXXXXXXXXXXXXXXXXXXXXXXXXXXXXXXXXXXXXXXX
; XXXXXXXXXXXXXXXXXXXXXXXXXXXXXXXXXXXXXXXXXXXXXXXXXXXXXXXXXXXX
; XXXXXXXXXXXXXXXXXXXXXXXXXXXXXXXXXXXXXXXXXXXXXXXXXXXXXXXXXXXX
; XXXXXXXXXXXXXXXXXXXXXXXXXXXXXXXXXXXXXXXXXXXXXXXXXXXXXXXXXXXX
; XXXXXXXXXXXXXXXXXXXXXXXXXXXXXXXXXXXXXXXXXXXXXXXXXXXXXXXXXXXX
; XXXXXXXXXXXXXXXXXXXXXXXXXXXXXXXXXXXXXXXXXXXXXXXXXXXXXXXXXXXX
; XXXXXXXXXXXXXXXXXXXXXXXXXXXXXXXXXXXXXXXXXXXXXXXXXXXXXXXXXXXX
; XXXXXXXXXXXXXXXXXXXXXXXXXXXXXXXXXXXXXXXXXXXXXXXXXXXXXXXXXXXX
; XXXXXXXXXXXXXXXXXXXXXXXXXXXXXXXXXXXXXXXXXXXXXXXXXXXXXXXXXXXX
; XXXXXXXXXXXXXXXXXXXXXXXXXXXXXXXXXXXXXXXXXXXXXXXXXXXXXXXXXXXX
; XXXXXXXXXXXXXXXXXXXXXXXXXXXXXXXXXXXXXXXXXXXXXXXXXXXXXXXXXXXX
; XXXXXXXXXXXXXXXXXXXXXXXXXXXXXXXXXXXXXXXXXXXXXXXXXXXXXXXXXXXX
; XXXXXXXXXXXXXXXXXXXXXXXXXXXXXXXXXXXXXXXXXXXXXXXXXXXXXXXXXXXX
; XXXXXXXXXXXXXXXXXXXXXXXXXXXXXXXXXXXXXXXXXXXXXXXXXXXXXXXXXXXX
; XXXXXXXXXXXXXXXXXXXXXXXXXXXXXXXXXXXXXXXXXXXXXXXXXXXXXXXXXXXX
; XXXXXXXXXXXXXXXXXXXXXXXXXXXXXXXXXXXXXXXXXXXXXXXXXXXXXXXXXXXX
; XXXXXXXXXXXXXXXXXXXXXXXXXXXXXXXXXXXXXXXXXXXXXXXXXXXXXXXXXXXX
; XXXXXXXXXXXXXXXXXXXXXXXXXXXXXXXXXXXXXXXXXXXXXXXXXXXXXXXXXXXX
; XXXXXXXXXXXXXXXXXXXXXXXXXXXXXXXXXXXXXXXXXXXXXXXXXXXXXXXXXXXX
; XXXXXXXXXXXXXXXXXXXXXXXXXXXXXXXXXXXXXXXXXXXXXXXXXXXXXXXXXXXX
; XXXXXXXXXXXXXXXXXXXXXXXXXXXXXXXXXXXXXXXXXXXXXXXXXXXXXXXXXXXX
; XXXXXXXXXXXXXXXXXXXXXXXXXXXXXXXXXXXXXXXXXXXXXXXXXXXXXXXXXXXX
; XXXXXXXXXXXXXXXXXXXXXXXXXXXXXXXXXXXXXXXXXXXXXXXXXXXXXXXXXXXX
; XXXXXXXXXXXXXXXXXXXXXXXXXXXXXXXXXXXXXXXXXXXXXXXXXXXXXXXXXXXX
; XXXXXXXXXXXXXXXXXXXXXXXXXXXXXXXXXXXXXXXXXXXXXXXXXXXXXXXXXXXX
; XXXXXXXXXXXXXXXXXXXXXXXXXXXXXXXXXXXXXXXXXXXXXXXXXXXXXXXXXXXX
; XXXXXXXXXXXXXXXXXXXXXXXXXXXXXXXXXXXXXXXXXXXXXXXXXXXXXXXXXXXX
; XXXXXXXXXXXXXXXXXXXXXXXXXXXXXXXXXXXXXXXXXXXXXXXXXXXXXXXXXXXX
; XXXXXXXXXXXXXXXXXXXXXXXXXXXXXXXXXXXXXXXXXXXXXXXXXXXXXXXXXXXX
; XXXXXXXXXXXXXXXXXXXXXXXXXXXXXXXXXXXXXXXXXXXXXXXXXXXXXXXXXXXX
; XXXXXXXXXXXXXXXXXXXXXXXXXXXXXXXXXXXXXXXXXXXXXXXXXXXXXXXXXXXX
; XXXXXXXXXXXXXXXXXXXXXXXXXXXXXXXXXXXXXXXXXXXXXXXXXXXXXXXXXXXX
; XXXXXXXXXXXXXXXXXXXXXXXXXXXXXXXXXXXXXXXXXXXXXXXXXXXXXXXXXXXX
; XXXXXXXXXXXXXXXXXXXXXXXXXXXXXXXXXXXXXXXXXXXXXXXXXXXXXXXXXXXX
; XXXXXXXXXXXXXXXXXXXXXXXXXXXXXXXXXXXXXXXXXXXXXXXXXXXXXXXXXXXX
